Arguments: 
  /usr/local/bin/node /usr/local/Cellar/yarn/1.5.1/libexec/bin/yarn.js dev

PATH: 
  /Users/danielhuang/Applications/anaconda3/bin:/Users/danielhuang/Applications/anaconda3/condabin:/usr/local/bin/python3:/usr/local/bin:/usr/bin:/bin:/usr/sbin:/sbin:/Library/TeX/texbin:/Library/Frameworks/Mono.framework/Versions/Current/Commands:/users/danielhuang/Library/Android/sdk/bin:/users/danielhuang/Library/Android/sdk/tools:/users/danielhuang/Library/Android/sdk/platform-tools

Yarn version: 
  1.5.1

Node version: 
  12.16.1

Platform: 
  darwin x64

npm manifest: 
  No manifest

yarn manifest: 
  No manifest

Lockfile: 
  No lockfile

Trace: 
  Error: Couldn't find a package.json file in "/Users/danielhuang/Desktop/mdeveng-student-blog"
      at new MessageError (/usr/local/Cellar/yarn/1.5.1/libexec/lib/cli.js:186:110)
      at /usr/local/Cellar/yarn/1.5.1/libexec/lib/cli.js:40048:15
      at Generator.next (<anonymous>)
      at step (/usr/local/Cellar/yarn/1.5.1/libexec/lib/cli.js:98:30)
      at /usr/local/Cellar/yarn/1.5.1/libexec/lib/cli.js:109:13
